<?xml version="1.0" encoding="UTF-8"?>
<coverage generated="1633278434549" clover="3.2.0">
  <project timestamp="1633278434549" name="All files">
    <metrics statements="24" coveredstatements="14" conditionals="16" coveredconditionals="8" methods="4" coveredmethods="4" elements="44" coveredelements="26" complexity="0" loc="24" ncloc="24" packages="1" files="3" classes="3"/>
    <file name="Footer.vue" path="/Users/patriquelegault/Documents/repos/io.github.patlego.pages.website/components/Footer.vue">
      <metrics statements="1" coveredstatements="1" conditionals="0" coveredconditionals="0" methods="1" coveredmethods="1"/>
      <line num="29" count="1" type="stmt"/>
    </file>
    <file name="Header.vue" path="/Users/patriquelegault/Documents/repos/io.github.patlego.pages.website/components/Header.vue">
      <metrics statements="2" coveredstatements="0" conditionals="0" coveredconditionals="0" methods="0" coveredmethods="0"/>
      <line num="14" count="0" type="stmt"/>
      <line num="15" count="0" type="stmt"/>
    </file>
    <file name="Timeline.vue" path="/Users/patriquelegault/Documents/repos/io.github.patlego.pages.website/components/Timeline.vue">
      <metrics statements="21" coveredstatements="13" conditionals="16" coveredconditionals="8" methods="3" coveredmethods="3"/>
      <line num="20" count="1" type="stmt"/>
      <line num="39" count="2" type="cond" truecount="1" falsecount="1"/>
      <line num="40" count="0" type="stmt"/>
      <line num="42" count="2" type="cond" truecount="1" falsecount="1"/>
      <line num="43" count="0" type="stmt"/>
      <line num="45" count="2" type="stmt"/>
      <line num="46" count="2" type="cond" truecount="2" falsecount="0"/>
      <line num="47" count="1" type="stmt"/>
      <line num="48" count="2" type="cond" truecount="1" falsecount="1"/>
      <line num="49" count="0" type="stmt"/>
      <line num="51" count="2" type="cond" truecount="1" falsecount="1"/>
      <line num="52" count="2" type="stmt"/>
      <line num="54" count="0" type="stmt"/>
      <line num="56" count="1" type="cond" truecount="1" falsecount="1"/>
      <line num="57" count="1" type="stmt"/>
      <line num="58" count="2" type="cond" truecount="1" falsecount="1"/>
      <line num="59" count="2" type="stmt"/>
      <line num="61" count="0" type="cond" truecount="0" falsecount="2"/>
      <line num="62" count="0" type="stmt"/>
      <line num="64" count="0" type="stmt"/>
      <line num="67" count="0" type="stmt"/>
    </file>
  </project>
</coverage>
