{"/Users/patriquelegault/Documents/repos/io.github.patlego.pages.website/components/Footer.vue": {"path":"/Users/patriquelegault/Documents/repos/io.github.patlego.pages.website/components/Footer.vue","statementMap":{"0":{"start":{"line":29,"column":0},"end":{"line":29,"column":null}}},"fnMap":{"0":{"name":"(anonymous_1)","decl":{"start":{"line":28,"column":0},"end":{"line":28,"column":null}},"loc":{"start":{"line":28,"column":0},"end":{"line":35,"column":null}}}},"branchMap":{},"s":{"0":1},"f":{"0":1},"b":{}}
,"/Users/patriquelegault/Documents/repos/io.github.patlego.pages.website/components/Header.vue": {"path":"/Users/patriquelegault/Documents/repos/io.github.patlego.pages.website/components/Header.vue","statementMap":{"0":{"start":{"line":14,"column":0},"end":{"line":14,"column":null}},"1":{"start":{"line":15,"column":0},"end":{"line":15,"column":null}}},"fnMap":{},"branchMap":{},"s":{"0":0,"1":0},"f":{},"b":{}}
,"/Users/patriquelegault/Documents/repos/io.github.patlego.pages.website/components/Timeline.vue": {"path":"/Users/patriquelegault/Documents/repos/io.github.patlego.pages.website/components/Timeline.vue","statementMap":{"0":{"start":{"line":20,"column":0},"end":{"line":20,"column":null}},"1":{"start":{"line":39,"column":0},"end":{"line":41,"column":null}},"2":{"start":{"line":40,"column":0},"end":{"line":40,"column":null}},"3":{"start":{"line":42,"column":0},"end":{"line":44,"column":null}},"4":{"start":{"line":43,"column":0},"end":{"line":43,"column":null}},"5":{"start":{"line":45,"column":0},"end":{"line":45,"column":null}},"6":{"start":{"line":46,"column":0},"end":{"line":68,"column":null}},"7":{"start":{"line":47,"column":0},"end":{"line":55,"column":null}},"8":{"start":{"line":48,"column":0},"end":{"line":50,"column":null}},"9":{"start":{"line":49,"column":0},"end":{"line":49,"column":null}},"10":{"start":{"line":51,"column":0},"end":{"line":53,"column":null}},"11":{"start":{"line":52,"column":0},"end":{"line":52,"column":null}},"12":{"start":{"line":54,"column":0},"end":{"line":54,"column":null}},"13":{"start":{"line":56,"column":0},"end":{"line":68,"column":null}},"14":{"start":{"line":57,"column":0},"end":{"line":65,"column":null}},"15":{"start":{"line":58,"column":0},"end":{"line":60,"column":null}},"16":{"start":{"line":59,"column":0},"end":{"line":59,"column":null}},"17":{"start":{"line":61,"column":0},"end":{"line":63,"column":null}},"18":{"start":{"line":62,"column":0},"end":{"line":62,"column":null}},"19":{"start":{"line":64,"column":0},"end":{"line":64,"column":null}},"20":{"start":{"line":67,"column":0},"end":{"line":67,"column":null}}},"fnMap":{"0":{"name":"(anonymous_2)","decl":{"start":{"line":38,"column":0},"end":{"line":38,"column":null}},"loc":{"start":{"line":38,"column":0},"end":{"line":69,"column":null}}},"1":{"name":"(anonymous_3)","decl":{"start":{"line":47,"column":0},"end":{"line":47,"column":null}},"loc":{"start":{"line":47,"column":0},"end":{"line":55,"column":null}}},"2":{"name":"(anonymous_4)","decl":{"start":{"line":57,"column":0},"end":{"line":57,"column":null}},"loc":{"start":{"line":57,"column":0},"end":{"line":65,"column":null}}}},"branchMap":{"0":{"loc":{"start":{"line":39,"column":0},"end":{"line":41,"column":null}},"type":"if","locations":[{"start":{"line":39,"column":0},"end":{"line":41,"column":null}},{"start":{"line":39,"column":0},"end":{"line":41,"column":null}}]},"1":{"loc":{"start":{"line":42,"column":0},"end":{"line":44,"column":null}},"type":"if","locations":[{"start":{"line":42,"column":0},"end":{"line":44,"column":null}},{"start":{"line":42,"column":0},"end":{"line":44,"column":null}}]},"2":{"loc":{"start":{"line":46,"column":0},"end":{"line":68,"column":null}},"type":"if","locations":[{"start":{"line":46,"column":0},"end":{"line":68,"column":null}},{"start":{"line":46,"column":0},"end":{"line":68,"column":null}}]},"3":{"loc":{"start":{"line":48,"column":0},"end":{"line":50,"column":null}},"type":"if","locations":[{"start":{"line":48,"column":0},"end":{"line":50,"column":null}},{"start":{"line":48,"column":0},"end":{"line":50,"column":null}}]},"4":{"loc":{"start":{"line":51,"column":0},"end":{"line":53,"column":null}},"type":"if","locations":[{"start":{"line":51,"column":0},"end":{"line":53,"column":null}},{"start":{"line":51,"column":0},"end":{"line":53,"column":null}}]},"5":{"loc":{"start":{"line":56,"column":0},"end":{"line":68,"column":null}},"type":"if","locations":[{"start":{"line":56,"column":0},"end":{"line":68,"column":null}},{"start":{"line":56,"column":0},"end":{"line":68,"column":null}}]},"6":{"loc":{"start":{"line":58,"column":0},"end":{"line":60,"column":null}},"type":"if","locations":[{"start":{"line":58,"column":0},"end":{"line":60,"column":null}},{"start":{"line":58,"column":0},"end":{"line":60,"column":null}}]},"7":{"loc":{"start":{"line":61,"column":0},"end":{"line":63,"column":null}},"type":"if","locations":[{"start":{"line":61,"column":0},"end":{"line":63,"column":null}},{"start":{"line":61,"column":0},"end":{"line":63,"column":null}}]}},"s":{"0":1,"1":2,"2":0,"3":2,"4":0,"5":2,"6":2,"7":1,"8":2,"9":0,"10":2,"11":2,"12":0,"13":1,"14":1,"15":2,"16":2,"17":0,"18":0,"19":0,"20":0},"f":{"0":2,"1":2,"2":2},"b":{"0":[0,2],"1":[0,2],"2":[1,1],"3":[0,2],"4":[2,0],"5":[1,0],"6":[2,0],"7":[0,0]}}
}
