TN:
SF:components/Footer.vue
FN:28,(anonymous_1)
FNF:1
FNH:1
FNDA:1,(anonymous_1)
DA:29,1
LF:1
LH:1
BRF:0
BRH:0
end_of_record
TN:
SF:components/Header.vue
FNF:0
FNH:0
DA:14,0
DA:15,0
LF:2
LH:0
BRF:0
BRH:0
end_of_record
TN:
SF:components/Timeline.vue
FN:38,(anonymous_2)
FN:47,(anonymous_3)
FN:57,(anonymous_4)
FNF:3
FNH:3
FNDA:2,(anonymous_2)
FNDA:2,(anonymous_3)
FNDA:2,(anonymous_4)
DA:20,1
DA:39,2
DA:40,0
DA:42,2
DA:43,0
DA:45,2
DA:46,2
DA:47,1
DA:48,2
DA:49,0
DA:51,2
DA:52,2
DA:54,0
DA:56,1
DA:57,1
DA:58,2
DA:59,2
DA:61,0
DA:62,0
DA:64,0
DA:67,0
LF:21
LH:13
BRDA:39,0,0,0
BRDA:39,0,1,2
BRDA:42,1,0,0
BRDA:42,1,1,2
BRDA:46,2,0,1
BRDA:46,2,1,1
BRDA:48,3,0,0
BRDA:48,3,1,2
BRDA:51,4,0,2
BRDA:51,4,1,0
BRDA:56,5,0,1
BRDA:56,5,1,0
BRDA:58,6,0,2
BRDA:58,6,1,0
BRDA:61,7,0,0
BRDA:61,7,1,0
BRF:16
BRH:8
end_of_record
